# JRE version: OpenJDK Runtime Environment GraalVM CE 22.3.0 (17.0.5+8) (build 17.0.5+8-jvmci-22.3-b08)
# Java VM: OpenJDK 64-Bit Server VM GraalVM CE 22.3.0 (17.0.5+8-jvmci-22.3-b08, mixed mode, sharing, tiered, jvmci, jvmci compiler, compressed oops, compressed class ptrs, parallel gc, linux-amd64)
GC Precious Log:
 CPUs: 8 total, 1 available
 Memory: 1024M
 Large Page Support: Disabled
 NUMA Support: Disabled
 Compressed Oops: Enabled (32-bit)
 Alignments: Space 512K, Generation 512K, Heap 2M
 Heap Min Capacity: 100M
 Heap Initial Capacity: 100M
 Heap Max Capacity: 512M
 Pre-touch: Disabled
 Parallel Workers: 1
Heap:
 PSYoungGen      total 50688K, used 35839K [0x00000000f5580000, 0x00000000f9580000, 0x0000000100000000)
  eden space 35840K, 99% used [0x00000000f5580000,0x00000000f787fff8,0x00000000f7880000)
  from space 14848K, 0% used [0x00000000f8680000,0x00000000f8680000,0x00000000f9500000)
  to   space 14336K, 0% used [0x00000000f7880000,0x00000000f7880000,0x00000000f8680000)
 ParOldGen       total 349696K, used 349695K [0x00000000e0000000, 0x00000000f5580000, 0x00000000f5580000)
  object space 349696K, 99% used [0x00000000e0000000,0x00000000f557fd70,0x00000000f5580000)
 Metaspace       used 54607K, committed 55424K, reserved 1105920K
  class space    used 5479K, committed 5824K, reserved 1048576K
GC Heap History (20 events):
Event: 727.643 GC heap before
{Heap before GC invocations=570 (full 462):
 PSYoungGen      total 50688K, used 35839K [0x00000000f5580000, 0x00000000f9580000, 0x0000000100000000)
  eden space 35840K, 99% used [0x00000000f5580000,0x00000000f787fff8,0x00000000f7880000)
  from space 14848K, 0% used [0x00000000f8680000,0x00000000f8680000,0x00000000f9500000)
  to   space 14336K, 0% used [0x00000000f7880000,0x00000000f7880000,0x00000000f8680000)
 ParOldGen       total 349696K, used 349695K [0x00000000e0000000, 0x00000000f5580000, 0x00000000f5580000)
  object space 349696K, 99% used [0x00000000e0000000,0x00000000f557fff8,0x00000000f5580000)
 Metaspace       used 54607K, committed 55424K, reserved 1105920K
  class space    used 5479K, committed 5824K, reserved 1048576K
}
Event: 729.011 GC heap after
{Heap after GC invocations=570 (full 462):
 PSYoungGen      total 50176K, used 35839K [0x00000000f5580000, 0x00000000f9580000, 0x0000000100000000)
  eden space 35840K, 99% used [0x00000000f5580000,0x00000000f787fff8,0x00000000f7880000)
  from space 14336K, 0% used [0x00000000f7880000,0x00000000f7880000,0x00000000f8680000)
  to   space 14848K, 0% used [0x00000000f8680000,0x00000000f8680000,0x00000000f9500000)
 ParOldGen       total 349696K, used 349695K [0x00000000e0000000, 0x00000000f5580000, 0x00000000f5580000)
  object space 349696K, 99% used [0x00000000e0000000,0x00000000f557fe68,0x00000000f5580000)
 Metaspace       used 54607K, committed 55424K, reserved 1105920K
  class space    used 5479K, committed 5824K, reserved 1048576K
}
Event: 729.033 GC heap before
{Heap before GC invocations=571 (full 463):
 PSYoungGen      total 50176K, used 35839K [0x00000000f5580000, 0x00000000f9580000, 0x0000000100000000)
  eden space 35840K, 99% used [0x00000000f5580000,0x00000000f787fff8,0x00000000f7880000)
  from space 14336K, 0% used [0x00000000f7880000,0x00000000f7880000,0x00000000f8680000)
  to   space 14848K, 0% used [0x00000000f8680000,0x00000000f8680000,0x00000000f9500000)
 ParOldGen       total 349696K, used 349695K [0x00000000e0000000, 0x00000000f5580000, 0x00000000f5580000)
  object space 349696K, 99% used [0x00000000e0000000,0x00000000f557fff8,0x00000000f5580000)
 Metaspace       used 54607K, committed 55424K, reserved 1105920K
  class space    used 5479K, committed 5824K, reserved 1048576K
}
Event: 730.521 GC heap after
{Heap after GC invocations=571 (full 463):
 PSYoungGen      total 50688K, used 35839K [0x00000000f5580000, 0x00000000f9580000, 0x0000000100000000)
  eden space 35840K, 99% used [0x00000000f5580000,0x00000000f787fff8,0x00000000f7880000)
  from space 14848K, 0% used [0x00000000f8680000,0x00000000f8680000,0x00000000f9500000)
  to   space 14336K, 0% used [0x00000000f7880000,0x00000000f7880000,0x00000000f8680000)
 ParOldGen       total 349696K, used 349695K [0x00000000e0000000, 0x00000000f5580000, 0x00000000f5580000)
  object space 349696K, 99% used [0x00000000e0000000,0x00000000f557fe48,0x00000000f5580000)
 Metaspace       used 54607K, committed 55424K, reserved 1105920K
  class space    used 5479K, committed 5824K, reserved 1048576K
}
Event: 730.523 GC heap before
{Heap before GC invocations=572 (full 464):
 PSYoungGen      total 50688K, used 35839K [0x00000000f5580000, 0x00000000f9580000, 0x0000000100000000)
  eden space 35840K, 99% used [0x00000000f5580000,0x00000000f787fff8,0x00000000f7880000)
  from space 14848K, 0% used [0x00000000f8680000,0x00000000f8680000,0x00000000f9500000)
  to   space 14336K, 0% used [0x00000000f7880000,0x00000000f7880000,0x00000000f8680000)
 ParOldGen       total 349696K, used 349695K [0x00000000e0000000, 0x00000000f5580000, 0x00000000f5580000)
  object space 349696K, 99% used [0x00000000e0000000,0x00000000f557fe78,0x00000000f5580000)
 Metaspace       used 54607K, committed 55424K, reserved 1105920K
  class space    used 5479K, committed 5824K, reserved 1048576K
}
Event: 731.835 GC heap after
{Heap after GC invocations=572 (full 464):
 PSYoungGen      total 50176K, used 35839K [0x00000000f5580000, 0x00000000f9580000, 0x0000000100000000)
  eden space 35840K, 99% used [0x00000000f5580000,0x00000000f787fff8,0x00000000f7880000)
  from space 14336K, 0% used [0x00000000f7880000,0x00000000f7880000,0x00000000f8680000)
  to   space 14848K, 0% used [0x00000000f8680000,0x00000000f8680000,0x00000000f9500000)
 ParOldGen       total 349696K, used 349695K [0x00000000e0000000, 0x00000000f5580000, 0x00000000f5580000)
  object space 349696K, 99% used [0x00000000e0000000,0x00000000f557fe78,0x00000000f5580000)
 Metaspace       used 54607K, committed 55424K, reserved 1105920K
  class space    used 5479K, committed 5824K, reserved 1048576K
}
Event: 731.835 GC heap before
{Heap before GC invocations=573 (full 465):
 PSYoungGen      total 50176K, used 35839K [0x00000000f5580000, 0x00000000f9580000, 0x0000000100000000)
  eden space 35840K, 99% used [0x00000000f5580000,0x00000000f787fff8,0x00000000f7880000)
  from space 14336K, 0% used [0x00000000f7880000,0x00000000f7880000,0x00000000f8680000)
  to   space 14848K, 0% used [0x00000000f8680000,0x00000000f8680000,0x00000000f9500000)
 ParOldGen       total 349696K, used 349696K [0x00000000e0000000, 0x00000000f5580000, 0x00000000f5580000)
  object space 349696K, 100% used [0x00000000e0000000,0x00000000f5580000,0x00000000f5580000)
 Metaspace       used 54607K, committed 55424K, reserved 1105920K
  class space    used 5479K, committed 5824K, reserved 1048576K
}
Event: 733.208 GC heap after
{Heap after GC invocations=573 (full 465):
 PSYoungGen      total 50688K, used 35839K [0x00000000f5580000, 0x00000000f9580000, 0x0000000100000000)
  eden space 35840K, 99% used [0x00000000f5580000,0x00000000f787fff8,0x00000000f7880000)
  from space 14848K, 0% used [0x00000000f8680000,0x00000000f8680000,0x00000000f9500000)
  to   space 14336K, 0% used [0x00000000f7880000,0x00000000f7880000,0x00000000f8680000)
 ParOldGen       total 349696K, used 349696K [0x00000000e0000000, 0x00000000f5580000, 0x00000000f5580000)
  object space 349696K, 100% used [0x00000000e0000000,0x00000000f5580000,0x00000000f5580000)
 Metaspace       used 54607K, committed 55424K, reserved 1105920K
  class space    used 5479K, committed 5824K, reserved 1048576K
}
Event: 733.208 GC heap before
{Heap before GC invocations=574 (full 466):
 PSYoungGen      total 50688K, used 35839K [0x00000000f5580000, 0x00000000f9580000, 0x0000000100000000)
  eden space 35840K, 99% used [0x00000000f5580000,0x00000000f787fff8,0x00000000f7880000)
  from space 14848K, 0% used [0x00000000f8680000,0x00000000f8680000,0x00000000f9500000)
  to   space 14336K, 0% used [0x00000000f7880000,0x00000000f7880000,0x00000000f8680000)
 ParOldGen       total 349696K, used 349696K [0x00000000e0000000, 0x00000000f5580000, 0x00000000f5580000)
  object space 349696K, 100% used [0x00000000e0000000,0x00000000f5580000,0x00000000f5580000)
 Metaspace       used 54607K, committed 55424K, reserved 1105920K
  class space    used 5479K, committed 5824K, reserved 1048576K
}
Event: 734.448 GC heap after
{Heap after GC invocations=574 (full 466):
 PSYoungGen      total 50176K, used 35839K [0x00000000f5580000, 0x00000000f9580000, 0x0000000100000000)
  eden space 35840K, 99% used [0x00000000f5580000,0x00000000f787fff8,0x00000000f7880000)
  from space 14336K, 0% used [0x00000000f7880000,0x00000000f7880000,0x00000000f8680000)
  to   space 14848K, 0% used [0x00000000f8680000,0x00000000f8680000,0x00000000f9500000)
 ParOldGen       total 349696K, used 349696K [0x00000000e0000000, 0x00000000f5580000, 0x00000000f5580000)
  object space 349696K, 100% used [0x00000000e0000000,0x00000000f5580000,0x00000000f5580000)
 Metaspace       used 54607K, committed 55424K, reserved 1105920K
  class space    used 5479K, committed 5824K, reserved 1048576K
}
Event: 734.459 GC heap before
{Heap before GC invocations=575 (full 467):
 PSYoungGen      total 50176K, used 35839K [0x00000000f5580000, 0x00000000f9580000, 0x0000000100000000)
  eden space 35840K, 99% used [0x00000000f5580000,0x00000000f787fff8,0x00000000f7880000)
  from space 14336K, 0% used [0x00000000f7880000,0x00000000f7880000,0x00000000f8680000)
  to   space 14848K, 0% used [0x00000000f8680000,0x00000000f8680000,0x00000000f9500000)
 ParOldGen       total 349696K, used 349696K [0x00000000e0000000, 0x00000000f5580000, 0x00000000f5580000)
  object space 349696K, 100% used [0x00000000e0000000,0x00000000f5580000,0x00000000f5580000)
 Metaspace       used 54607K, committed 55424K, reserved 1105920K
  class space    used 5479K, committed 5824K, reserved 1048576K
}
Event: 736.061 GC heap after
{Heap after GC invocations=575 (full 467):
 PSYoungGen      total 50688K, used 35839K [0x00000000f5580000, 0x00000000f9580000, 0x0000000100000000)
  eden space 35840K, 99% used [0x00000000f5580000,0x00000000f787fff8,0x00000000f7880000)
  from space 14848K, 0% used [0x00000000f8680000,0x00000000f8680000,0x00000000f9500000)
  to   space 14336K, 0% used [0x00000000f7880000,0x00000000f7880000,0x00000000f8680000)
 ParOldGen       total 349696K, used 349694K [0x00000000e0000000, 0x00000000f5580000, 0x00000000f5580000)
  object space 349696K, 99% used [0x00000000e0000000,0x00000000f557fa40,0x00000000f5580000)
 Metaspace       used 54607K, committed 55424K, reserved 1105920K
  class space    used 5479K, committed 5824K, reserved 1048576K
}
Event: 736.113 GC heap before
{Heap before GC invocations=576 (full 468):
 PSYoungGen      total 50688K, used 35839K [0x00000000f5580000, 0x00000000f9580000, 0x0000000100000000)
  eden space 35840K, 99% used [0x00000000f5580000,0x00000000f787fff8,0x00000000f7880000)
  from space 14848K, 0% used [0x00000000f8680000,0x00000000f8680000,0x00000000f9500000)
  to   space 14336K, 0% used [0x00000000f7880000,0x00000000f7880000,0x00000000f8680000)
 ParOldGen       total 349696K, used 349695K [0x00000000e0000000, 0x00000000f5580000, 0x00000000f5580000)
  object space 349696K, 99% used [0x00000000e0000000,0x00000000f557ffd0,0x00000000f5580000)
 Metaspace       used 54607K, committed 55424K, reserved 1105920K
  class space    used 5479K, committed 5824K, reserved 1048576K
}
Event: 737.458 GC heap after
{Heap after GC invocations=576 (full 468):
 PSYoungGen      total 50176K, used 35839K [0x00000000f5580000, 0x00000000f9580000, 0x0000000100000000)
  eden space 35840K, 99% used [0x00000000f5580000,0x00000000f787fff8,0x00000000f7880000)
  from space 14336K, 0% used [0x00000000f7880000,0x00000000f7880000,0x00000000f8680000)
  to   space 14848K, 0% used [0x00000000f8680000,0x00000000f8680000,0x00000000f9500000)
 ParOldGen       total 349696K, used 349695K [0x00000000e0000000, 0x00000000f5580000, 0x00000000f5580000)
  object space 349696K, 99% used [0x00000000e0000000,0x00000000f557fc10,0x00000000f5580000)
 Metaspace       used 54607K, committed 55424K, reserved 1105920K
  class space    used 5479K, committed 5824K, reserved 1048576K
}
Event: 737.459 GC heap before
{Heap before GC invocations=577 (full 469):
 PSYoungGen      total 50176K, used 35839K [0x00000000f5580000, 0x00000000f9580000, 0x0000000100000000)
  eden space 35840K, 99% used [0x00000000f5580000,0x00000000f787fff8,0x00000000f7880000)
  from space 14336K, 0% used [0x00000000f7880000,0x00000000f7880000,0x00000000f8680000)
  to   space 14848K, 0% used [0x00000000f8680000,0x00000000f8680000,0x00000000f9500000)
 ParOldGen       total 349696K, used 349695K [0x00000000e0000000, 0x00000000f5580000, 0x00000000f5580000)
  object space 349696K, 99% used [0x00000000e0000000,0x00000000f557fca8,0x00000000f5580000)
 Metaspace       used 54607K, committed 55424K, reserved 1105920K
  class space    used 5479K, committed 5824K, reserved 1048576K
}
Event: 738.938 GC heap after
{Heap after GC invocations=577 (full 469):
 PSYoungGen      total 50688K, used 35839K [0x00000000f5580000, 0x00000000f9580000, 0x0000000100000000)
  eden space 35840K, 99% used [0x00000000f5580000,0x00000000f787fff8,0x00000000f7880000)
  from space 14848K, 0% used [0x00000000f8680000,0x00000000f8680000,0x00000000f9500000)
  to   space 14336K, 0% used [0x00000000f7880000,0x00000000f7880000,0x00000000f8680000)
 ParOldGen       total 349696K, used 349695K [0x00000000e0000000, 0x00000000f5580000, 0x00000000f5580000)
  object space 349696K, 99% used [0x00000000e0000000,0x00000000f557fc18,0x00000000f5580000)
 Metaspace       used 54607K, committed 55424K, reserved 1105920K
  class space    used 5479K, committed 5824K, reserved 1048576K
}
Event: 738.941 GC heap before
{Heap before GC invocations=578 (full 470):
 PSYoungGen      total 50688K, used 35839K [0x00000000f5580000, 0x00000000f9580000, 0x0000000100000000)
  eden space 35840K, 99% used [0x00000000f5580000,0x00000000f787fff8,0x00000000f7880000)
  from space 14848K, 0% used [0x00000000f8680000,0x00000000f8680000,0x00000000f9500000)
  to   space 14336K, 0% used [0x00000000f7880000,0x00000000f7880000,0x00000000f8680000)
 ParOldGen       total 349696K, used 349695K [0x00000000e0000000, 0x00000000f5580000, 0x00000000f5580000)
  object space 349696K, 99% used [0x00000000e0000000,0x00000000f557fff0,0x00000000f5580000)
 Metaspace       used 54607K, committed 55424K, reserved 1105920K
  class space    used 5479K, committed 5824K, reserved 1048576K
}
Event: 740.358 GC heap after
{Heap after GC invocations=578 (full 470):
 PSYoungGen      total 50176K, used 35839K [0x00000000f5580000, 0x00000000f9580000, 0x0000000100000000)
  eden space 35840K, 99% used [0x00000000f5580000,0x00000000f787fff8,0x00000000f7880000)
  from space 14336K, 0% used [0x00000000f7880000,0x00000000f7880000,0x00000000f8680000)
  to   space 14848K, 0% used [0x00000000f8680000,0x00000000f8680000,0x00000000f9500000)
 ParOldGen       total 349696K, used 349695K [0x00000000e0000000, 0x00000000f5580000, 0x00000000f5580000)
  object space 349696K, 99% used [0x00000000e0000000,0x00000000f557fc90,0x00000000f5580000)
 Metaspace       used 54607K, committed 55424K, reserved 1105920K
  class space    used 5479K, committed 5824K, reserved 1048576K
}
Event: 740.358 GC heap before
{Heap before GC invocations=579 (full 471):
 PSYoungGen      total 50176K, used 35839K [0x00000000f5580000, 0x00000000f9580000, 0x0000000100000000)
  eden space 35840K, 99% used [0x00000000f5580000,0x00000000f787fff8,0x00000000f7880000)
  from space 14336K, 0% used [0x00000000f7880000,0x00000000f7880000,0x00000000f8680000)
  to   space 14848K, 0% used [0x00000000f8680000,0x00000000f8680000,0x00000000f9500000)
 ParOldGen       total 349696K, used 349695K [0x00000000e0000000, 0x00000000f5580000, 0x00000000f5580000)
  object space 349696K, 99% used [0x00000000e0000000,0x00000000f557fc90,0x00000000f5580000)
 Metaspace       used 54607K, committed 55424K, reserved 1105920K
  class space    used 5479K, committed 5824K, reserved 1048576K
}
Event: 741.751 GC heap after
{Heap after GC invocations=579 (full 471):
 PSYoungGen      total 50688K, used 35839K [0x00000000f5580000, 0x00000000f9580000, 0x0000000100000000)
  eden space 35840K, 99% used [0x00000000f5580000,0x00000000f787fff8,0x00000000f7880000)
  from space 14848K, 0% used [0x00000000f8680000,0x00000000f8680000,0x00000000f9500000)
  to   space 14336K, 0% used [0x00000000f7880000,0x00000000f7880000,0x00000000f8680000)
 ParOldGen       total 349696K, used 349695K [0x00000000e0000000, 0x00000000f5580000, 0x00000000f5580000)
  object space 349696K, 99% used [0x00000000e0000000,0x00000000f557fc90,0x00000000f5580000)
 Metaspace       used 54607K, committed 55424K, reserved 1105920K
  class space    used 5479K, committed 5824K, reserved 1048576K
}

